# JRE version: Java(TM) SE Runtime Environment (8.0_161-b12) (build 1.8.0_161-b12)
# Java VM: Java HotSpot(TM) 64-Bit Server VM (25.161-b12 mixed mode linux-amd64 compressed oops)
Heap:
 PSYoungGen      total 270848K, used 16882K [0x00000000d6900000, 0x00000000ea880000, 0x0000000100000000)
  eden space 253952K, 0% used [0x00000000d6900000,0x00000000d6900000,0x00000000e6100000)
  from space 16896K, 99% used [0x00000000e9800000,0x00000000ea87cbe8,0x00000000ea880000)
  to   space 13824K, 0% used [0x00000000e6100000,0x00000000e6100000,0x00000000e6e80000)
 ParOldGen       total 61952K, used 36613K [0x0000000083a00000, 0x0000000087680000, 0x00000000d6900000)
  object space 61952K, 59% used [0x0000000083a00000,0x0000000085dc1678,0x0000000087680000)
 Metaspace       used 31627K, capacity 32822K, committed 33024K, reserved 1079296K
  class space    used 3653K, capacity 3970K, committed 4096K, reserved 1048576K
GC Heap History (10 events):
Event: 3.578 GC heap after
Heap after GC invocations=6 (full 0):
 PSYoungGen      total 139776K, used 9945K [0x00000000d6900000, 0x00000000e0000000, 0x0000000100000000)
  eden space 129536K, 0% used [0x00000000d6900000,0x00000000d6900000,0x00000000de780000)
  from space 10240K, 97% used [0x00000000df300000,0x00000000dfcb6568,0x00000000dfd00000)
  to   space 11776K, 0% used [0x00000000de780000,0x00000000de780000,0x00000000df300000)
 ParOldGen       total 86016K, used 8887K [0x0000000083a00000, 0x0000000088e00000, 0x00000000d6900000)
  object space 86016K, 10% used [0x0000000083a00000,0x00000000842adcd8,0x0000000088e00000)
 Metaspace       used 19695K, capacity 20192K, committed 20480K, reserved 1067008K
  class space    used 2338K, capacity 2480K, committed 2560K, reserved 1048576K
}
Event: 3.819 GC heap before
{Heap before GC invocations=7 (full 0):
 PSYoungGen      total 139776K, used 38429K [0x00000000d6900000, 0x00000000e0000000, 0x0000000100000000)
  eden space 129536K, 21% used [0x00000000d6900000,0x00000000d84d0eb0,0x00000000de780000)
  from space 10240K, 97% used [0x00000000df300000,0x00000000dfcb6568,0x00000000dfd00000)
  to   space 11776K, 0% used [0x00000000de780000,0x00000000de780000,0x00000000df300000)
 ParOldGen       total 86016K, used 8887K [0x0000000083a00000, 0x0000000088e00000, 0x00000000d6900000)
  object space 86016K, 10% used [0x0000000083a00000,0x00000000842adcd8,0x0000000088e00000)
 Metaspace       used 20418K, capacity 21128K, committed 21296K, reserved 1069056K
  class space    used 2401K, capacity 2570K, committed 2688K, reserved 1048576K
Event: 3.832 GC heap after
Heap after GC invocations=7 (full 0):
 PSYoungGen      total 141312K, used 8047K [0x00000000d6900000, 0x00000000e7c00000, 0x0000000100000000)
  eden space 129536K, 0% used [0x00000000d6900000,0x00000000d6900000,0x00000000de780000)
  from space 11776K, 68% used [0x00000000de780000,0x00000000def5bf10,0x00000000df300000)
  to   space 11264K, 0% used [0x00000000e7100000,0x00000000e7100000,0x00000000e7c00000)
 ParOldGen       total 86016K, used 10965K [0x0000000083a00000, 0x0000000088e00000, 0x00000000d6900000)
  object space 86016K, 12% used [0x0000000083a00000,0x00000000844b56f8,0x0000000088e00000)
 Metaspace       used 20418K, capacity 21128K, committed 21296K, reserved 1069056K
  class space    used 2401K, capacity 2570K, committed 2688K, reserved 1048576K
}
Event: 3.832 GC heap before
{Heap before GC invocations=8 (full 1):
 PSYoungGen      total 141312K, used 8047K [0x00000000d6900000, 0x00000000e7c00000, 0x0000000100000000)
  eden space 129536K, 0% used [0x00000000d6900000,0x00000000d6900000,0x00000000de780000)
  from space 11776K, 68% used [0x00000000de780000,0x00000000def5bf10,0x00000000df300000)
  to   space 11264K, 0% used [0x00000000e7100000,0x00000000e7100000,0x00000000e7c00000)
 ParOldGen       total 86016K, used 10965K [0x0000000083a00000, 0x0000000088e00000, 0x00000000d6900000)
  object space 86016K, 12% used [0x0000000083a00000,0x00000000844b56f8,0x0000000088e00000)
 Metaspace       used 20418K, capacity 21128K, committed 21296K, reserved 1069056K
  class space    used 2401K, capacity 2570K, committed 2688K, reserved 1048576K
Event: 3.886 GC heap after
Heap after GC invocations=8 (full 1):
 PSYoungGen      total 141312K, used 0K [0x00000000d6900000, 0x00000000e7c00000, 0x0000000100000000)
  eden space 129536K, 0% used [0x00000000d6900000,0x00000000d6900000,0x00000000de780000)
  from space 11776K, 0% used [0x00000000de780000,0x00000000de780000,0x00000000df300000)
  to   space 11264K, 0% used [0x00000000e7100000,0x00000000e7100000,0x00000000e7c00000)
 ParOldGen       total 61952K, used 13645K [0x0000000083a00000, 0x0000000087680000, 0x00000000d6900000)
  object space 61952K, 22% used [0x0000000083a00000,0x0000000084753740,0x0000000087680000)
 Metaspace       used 20418K, capacity 21128K, committed 21296K, reserved 1069056K
  class space    used 2401K, capacity 2570K, committed 2688K, reserved 1048576K
}
Event: 7.464 GC heap before
{Heap before GC invocations=9 (full 1):
 PSYoungGen      total 141312K, used 129536K [0x00000000d6900000, 0x00000000e7c00000, 0x0000000100000000)
  eden space 129536K, 100% used [0x00000000d6900000,0x00000000de780000,0x00000000de780000)
  from space 11776K, 0% used [0x00000000de780000,0x00000000de780000,0x00000000df300000)
  to   space 11264K, 0% used [0x00000000e7100000,0x00000000e7100000,0x00000000e7c00000)
 ParOldGen       total 61952K, used 13645K [0x0000000083a00000, 0x0000000087680000, 0x00000000d6900000)
  object space 61952K, 22% used [0x0000000083a00000,0x0000000084753740,0x0000000087680000)
 Metaspace       used 29716K, capacity 30776K, committed 30976K, reserved 1077248K
  class space    used 3464K, capacity 3749K, committed 3840K, reserved 1048576K
Event: 7.483 GC heap after
Heap after GC invocations=9 (full 1):
 PSYoungGen      total 224768K, used 11238K [0x00000000d6900000, 0x00000000e7c00000, 0x0000000100000000)
  eden space 213504K, 0% used [0x00000000d6900000,0x00000000d6900000,0x00000000e3980000)
  from space 11264K, 99% used [0x00000000e7100000,0x00000000e7bf9af8,0x00000000e7c00000)
  to   space 13824K, 0% used [0x00000000e6100000,0x00000000e6100000,0x00000000e6e80000)
 ParOldGen       total 61952K, used 16104K [0x0000000083a00000, 0x0000000087680000, 0x00000000d6900000)
  object space 61952K, 25% used [0x0000000083a00000,0x00000000849ba258,0x0000000087680000)
 Metaspace       used 29716K, capacity 30776K, committed 30976K, reserved 1077248K
  class space    used 3464K, capacity 3749K, committed 3840K, reserved 1048576K
}
Event: 9.828 GC heap before
{Heap before GC invocations=10 (full 1):
 PSYoungGen      total 224768K, used 224742K [0x00000000d6900000, 0x00000000e7c00000, 0x0000000100000000)
  eden space 213504K, 100% used [0x00000000d6900000,0x00000000e3980000,0x00000000e3980000)
  from space 11264K, 99% used [0x00000000e7100000,0x00000000e7bf9af8,0x00000000e7c00000)
  to   space 13824K, 0% used [0x00000000e6100000,0x00000000e6100000,0x00000000e6e80000)
 ParOldGen       total 61952K, used 16104K [0x0000000083a00000, 0x0000000087680000, 0x00000000d6900000)
  object space 61952K, 25% used [0x0000000083a00000,0x00000000849ba258,0x0000000087680000)
 Metaspace       used 30302K, capacity 31412K, committed 31744K, reserved 1077248K
  class space    used 3483K, capacity 3757K, committed 3840K, reserved 1048576K
Event: 9.865 GC heap after
Heap after GC invocations=10 (full 1):
 PSYoungGen      total 267776K, used 13805K [0x00000000d6900000, 0x00000000ea880000, 0x0000000100000000)
  eden space 253952K, 0% used [0x00000000d6900000,0x00000000d6900000,0x00000000e6100000)
  from space 13824K, 99% used [0x00000000e6100000,0x00000000e6e7b748,0x00000000e6e80000)
  to   space 16896K, 0% used [0x00000000e9800000,0x00000000e9800000,0x00000000ea880000)
 ParOldGen       total 61952K, used 19629K [0x0000000083a00000, 0x0000000087680000, 0x00000000d6900000)
  object space 61952K, 31% used [0x0000000083a00000,0x0000000084d2b6d8,0x0000000087680000)
 Metaspace       used 30302K, capacity 31412K, committed 31744K, reserved 1077248K
  class space    used 3483K, capacity 3757K, committed 3840K, reserved 1048576K
}
Event: 10.990 GC heap before
{Heap before GC invocations=11 (full 1):
 PSYoungGen      total 267776K, used 267757K [0x00000000d6900000, 0x00000000ea880000, 0x0000000100000000)
  eden space 253952K, 100% used [0x00000000d6900000,0x00000000e6100000,0x00000000e6100000)
  from space 13824K, 99% used [0x00000000e6100000,0x00000000e6e7b748,0x00000000e6e80000)
  to   space 16896K, 0% used [0x00000000e9800000,0x00000000e9800000,0x00000000ea880000)
 ParOldGen       total 61952K, used 19629K [0x0000000083a00000, 0x0000000087680000, 0x00000000d6900000)
  object space 61952K, 31% used [0x0000000083a00000,0x0000000084d2b6d8,0x0000000087680000)
 Metaspace       used 31627K, capacity 32822K, committed 33024K, reserved 1079296K
  class space    used 3653K, capacity 3970K, committed 4096K, reserved 1048576K

