# JRE version: Java(TM) SE Runtime Environment (8.0_161-b12) (build 1.8.0_161-b12)
# Java VM: Java HotSpot(TM) 64-Bit Server VM (25.161-b12 mixed mode linux-amd64 compressed oops)
Heap:
 PSYoungGen      total 369664K, used 3700K [0x00000000d6900000, 0x00000000eed80000, 0x0000000100000000)
  eden space 341504K, 0% used [0x00000000d6900000,0x00000000d6900000,0x00000000eb680000)
  from space 28160K, 13% used [0x00000000eb680000,0x00000000eba1d1c0,0x00000000ed200000)
  to   space 26112K, 0% used [0x00000000ed400000,0x00000000ed400000,0x00000000eed80000)
 ParOldGen       total 131072K, used 49764K [0x0000000083a00000, 0x000000008ba00000, 0x00000000d6900000)
  object space 131072K, 37% used [0x0000000083a00000,0x0000000086a99080,0x000000008ba00000)
 Metaspace       used 37308K, capacity 38572K, committed 38952K, reserved 1083392K
  class space    used 4208K, capacity 4546K, committed 4648K, reserved 1048576K
GC Heap History (10 events):
Event: 8.826 GC heap after
Heap after GC invocations=8 (full 1):
 PSYoungGen      total 272384K, used 16375K [0x00000000d6900000, 0x00000000e9400000, 0x0000000100000000)
  eden space 256000K, 0% used [0x00000000d6900000,0x00000000d6900000,0x00000000e6300000)
  from space 16384K, 99% used [0x00000000e6300000,0x00000000e72fdd50,0x00000000e7300000)
  to   space 18944K, 0% used [0x00000000e8180000,0x00000000e8180000,0x00000000e9400000)
 ParOldGen       total 73216K, used 17015K [0x0000000083a00000, 0x0000000088180000, 0x00000000d6900000)
  object space 73216K, 23% used [0x0000000083a00000,0x0000000084a9dc98,0x0000000088180000)
 Metaspace       used 30244K, capacity 31284K, committed 31488K, reserved 1077248K
  class space    used 3484K, capacity 3757K, committed 3840K, reserved 1048576K
}
Event: 9.773 GC heap before
{Heap before GC invocations=9 (full 1):
 PSYoungGen      total 272384K, used 272375K [0x00000000d6900000, 0x00000000e9400000, 0x0000000100000000)
  eden space 256000K, 100% used [0x00000000d6900000,0x00000000e6300000,0x00000000e6300000)
  from space 16384K, 99% used [0x00000000e6300000,0x00000000e72fdd50,0x00000000e7300000)
  to   space 18944K, 0% used [0x00000000e8180000,0x00000000e8180000,0x00000000e9400000)
 ParOldGen       total 73216K, used 17015K [0x0000000083a00000, 0x0000000088180000, 0x00000000d6900000)
  object space 73216K, 23% used [0x0000000083a00000,0x0000000084a9dc98,0x0000000088180000)
 Metaspace       used 30669K, capacity 31718K, committed 32000K, reserved 1077248K
  class space    used 3493K, capacity 3791K, committed 3840K, reserved 1048576K
Event: 9.842 GC heap after
Heap after GC invocations=9 (full 1):
 PSYoungGen      total 278016K, used 18928K [0x00000000d6900000, 0x00000000f2f80000, 0x0000000100000000)
  eden space 259072K, 0% used [0x00000000d6900000,0x00000000d6900000,0x00000000e6600000)
  from space 18944K, 99% used [0x00000000e8180000,0x00000000e93fc250,0x00000000e9400000)
  to   space 28160K, 0% used [0x00000000e6600000,0x00000000e6600000,0x00000000e8180000)
 ParOldGen       total 73216K, used 31772K [0x0000000083a00000, 0x0000000088180000, 0x00000000d6900000)
  object space 73216K, 43% used [0x0000000083a00000,0x0000000085907340,0x0000000088180000)
 Metaspace       used 30669K, capacity 31718K, committed 32000K, reserved 1077248K
  class space    used 3493K, capacity 3791K, committed 3840K, reserved 1048576K
}
Event: 12.445 GC heap before
{Heap before GC invocations=10 (full 1):
 PSYoungGen      total 278016K, used 69550K [0x00000000d6900000, 0x00000000f2f80000, 0x0000000100000000)
  eden space 259072K, 19% used [0x00000000d6900000,0x00000000d9a6f690,0x00000000e6600000)
  from space 18944K, 99% used [0x00000000e8180000,0x00000000e93fc250,0x00000000e9400000)
  to   space 28160K, 0% used [0x00000000e6600000,0x00000000e6600000,0x00000000e8180000)
 ParOldGen       total 73216K, used 31772K [0x0000000083a00000, 0x0000000088180000, 0x00000000d6900000)
  object space 73216K, 43% used [0x0000000083a00000,0x0000000085907340,0x0000000088180000)
 Metaspace       used 34108K, capacity 35320K, committed 35496K, reserved 1081344K
  class space    used 3918K, capacity 4248K, committed 4264K, reserved 1048576K
Event: 12.465 GC heap after
Heap after GC invocations=10 (full 1):
 PSYoungGen      total 287232K, used 16626K [0x00000000d6900000, 0x00000000eef00000, 0x0000000100000000)
  eden space 259072K, 0% used [0x00000000d6900000,0x00000000d6900000,0x00000000e6600000)
  from space 28160K, 59% used [0x00000000e6600000,0x00000000e763ca88,0x00000000e8180000)
  to   space 27648K, 0% used [0x00000000ed400000,0x00000000ed400000,0x00000000eef00000)
 ParOldGen       total 73216K, used 38917K [0x0000000083a00000, 0x0000000088180000, 0x00000000d6900000)
  object space 73216K, 53% used [0x0000000083a00000,0x0000000086001798,0x0000000088180000)
 Metaspace       used 34108K, capacity 35320K, committed 35496K, reserved 1081344K
  class space    used 3918K, capacity 4248K, committed 4264K, reserved 1048576K
}
Event: 12.465 GC heap before
{Heap before GC invocations=11 (full 2):
 PSYoungGen      total 287232K, used 16626K [0x00000000d6900000, 0x00000000eef00000, 0x0000000100000000)
  eden space 259072K, 0% used [0x00000000d6900000,0x00000000d6900000,0x00000000e6600000)
  from space 28160K, 59% used [0x00000000e6600000,0x00000000e763ca88,0x00000000e8180000)
  to   space 27648K, 0% used [0x00000000ed400000,0x00000000ed400000,0x00000000eef00000)
 ParOldGen       total 73216K, used 38917K [0x0000000083a00000, 0x0000000088180000, 0x00000000d6900000)
  object space 73216K, 53% used [0x0000000083a00000,0x0000000086001798,0x0000000088180000)
 Metaspace       used 34108K, capacity 35320K, committed 35496K, reserved 1081344K
  class space    used 3918K, capacity 4248K, committed 4264K, reserved 1048576K
Event: 12.569 GC heap after
Heap after GC invocations=11 (full 2):
 PSYoungGen      total 287232K, used 0K [0x00000000d6900000, 0x00000000eef00000, 0x0000000100000000)
  eden space 259072K, 0% used [0x00000000d6900000,0x00000000d6900000,0x00000000e6600000)
  from space 28160K, 0% used [0x00000000e6600000,0x00000000e6600000,0x00000000e8180000)
  to   space 27648K, 0% used [0x00000000ed400000,0x00000000ed400000,0x00000000eef00000)
 ParOldGen       total 131072K, used 47392K [0x0000000083a00000, 0x000000008ba00000, 0x00000000d6900000)
  object space 131072K, 36% used [0x0000000083a00000,0x0000000086848260,0x000000008ba00000)
 Metaspace       used 34060K, capacity 35260K, committed 35496K, reserved 1081344K
  class space    used 3914K, capacity 4240K, committed 4264K, reserved 1048576K
}
Event: 21.919 GC heap before
{Heap before GC invocations=12 (full 2):
 PSYoungGen      total 287232K, used 259072K [0x00000000d6900000, 0x00000000eef00000, 0x0000000100000000)
  eden space 259072K, 100% used [0x00000000d6900000,0x00000000e6600000,0x00000000e6600000)
  from space 28160K, 0% used [0x00000000e6600000,0x00000000e6600000,0x00000000e8180000)
  to   space 27648K, 0% used [0x00000000ed400000,0x00000000ed400000,0x00000000eef00000)
 ParOldGen       total 131072K, used 47392K [0x0000000083a00000, 0x000000008ba00000, 0x00000000d6900000)
  object space 131072K, 36% used [0x0000000083a00000,0x0000000086848260,0x000000008ba00000)
 Metaspace       used 36817K, capacity 38106K, committed 38440K, reserved 1083392K
  class space    used 4193K, capacity 4544K, committed 4648K, reserved 1048576K
Event: 21.928 GC heap after
Heap after GC invocations=12 (full 2):
 PSYoungGen      total 367616K, used 5047K [0x00000000d6900000, 0x00000000eed80000, 0x0000000100000000)
  eden space 341504K, 0% used [0x00000000d6900000,0x00000000d6900000,0x00000000eb680000)
  from space 26112K, 19% used [0x00000000ed400000,0x00000000ed8edc10,0x00000000eed80000)
  to   space 28160K, 0% used [0x00000000eb680000,0x00000000eb680000,0x00000000ed200000)
 ParOldGen       total 131072K, used 47464K [0x0000000083a00000, 0x000000008ba00000, 0x00000000d6900000)
  object space 131072K, 36% used [0x0000000083a00000,0x000000008685a270,0x000000008ba00000)
 Metaspace       used 36817K, capacity 38106K, committed 38440K, reserved 1083392K
  class space    used 4193K, capacity 4544K, committed 4648K, reserved 1048576K
}
Event: 22.755 GC heap before
{Heap before GC invocations=13 (full 2):
 PSYoungGen      total 367616K, used 346551K [0x00000000d6900000, 0x00000000eed80000, 0x0000000100000000)
  eden space 341504K, 100% used [0x00000000d6900000,0x00000000eb680000,0x00000000eb680000)
  from space 26112K, 19% used [0x00000000ed400000,0x00000000ed8edc10,0x00000000eed80000)
  to   space 28160K, 0% used [0x00000000eb680000,0x00000000eb680000,0x00000000ed200000)
 ParOldGen       total 131072K, used 47464K [0x0000000083a00000, 0x000000008ba00000, 0x00000000d6900000)
  object space 131072K, 36% used [0x0000000083a00000,0x000000008685a270,0x000000008ba00000)
 Metaspace       used 37308K, capacity 38572K, committed 38952K, reserved 1083392K
  class space    used 4208K, capacity 4546K, committed 4648K, reserved 1048576K

